<?xml version="1.0" encoding="UTF-8"?>
<testsuites>
  <testsuite name="fastlane.lanes">
    
    
    
      
      <testcase classname="fastlane.lanes" name="0: gradle" time="5.102814">
        
          <failure message="/Users/bui.danh.nam/.fastlane/bin/bundle/lib/ruby/gems/2.2.0/gems/fastlane-2.118.1/fastlane/lib/fastlane/actions/actions_helper.rb:48:in `execute_action'&#10;/Users/bui.danh.nam/.fastlane/bin/bundle/lib/ruby/gems/2.2.0/gems/fastlane-2.118.1/fastlane/lib/fastlane/runner.rb:232:in `block in execute_action'&#10;/Users/bui.danh.nam/.fastlane/bin/bundle/lib/ruby/gems/2.2.0/gems/fastlane-2.118.1/fastlane/lib/fastlane/runner.rb:227:in `chdir'&#10;/Users/bui.danh.nam/.fastlane/bin/bundle/lib/ruby/gems/2.2.0/gems/fastlane-2.118.1/fastlane/lib/fastlane/runner.rb:227:in `execute_action'&#10;/Users/bui.danh.nam/.fastlane/bin/bundle/lib/ruby/gems/2.2.0/gems/fastlane-2.118.1/fastlane/lib/fastlane/runner.rb:157:in `trigger_action_by_name'&#10;/Users/bui.danh.nam/.fastlane/bin/bundle/lib/ruby/gems/2.2.0/gems/fastlane-2.118.1/fastlane/lib/fastlane/fast_file.rb:154:in `method_missing'&#10;Fastfile:51:in `block (2 levels) in parsing_binding'&#10;/Users/bui.danh.nam/.fastlane/bin/bundle/lib/ruby/gems/2.2.0/gems/fastlane-2.118.1/fastlane/lib/fastlane/lane.rb:33:in `call'&#10;/Users/bui.danh.nam/.fastlane/bin/bundle/lib/ruby/gems/2.2.0/gems/fastlane-2.118.1/fastlane/lib/fastlane/lane.rb:33:in `call'&#10;/Users/bui.danh.nam/.fastlane/bin/bundle/lib/ruby/gems/2.2.0/gems/fastlane-2.118.1/fastlane/lib/fastlane/runner.rb:49:in `block in execute'&#10;/Users/bui.danh.nam/.fastlane/bin/bundle/lib/ruby/gems/2.2.0/gems/fastlane-2.118.1/fastlane/lib/fastlane/runner.rb:45:in `chdir'&#10;/Users/bui.danh.nam/.fastlane/bin/bundle/lib/ruby/gems/2.2.0/gems/fastlane-2.118.1/fastlane/lib/fastlane/runner.rb:45:in `execute'&#10;/Users/bui.danh.nam/.fastlane/bin/bundle/lib/ruby/gems/2.2.0/gems/fastlane-2.118.1/fastlane/lib/fastlane/lane_manager.rb:56:in `cruise_lane'&#10;/Users/bui.danh.nam/.fastlane/bin/bundle/lib/ruby/gems/2.2.0/gems/fastlane-2.118.1/fastlane/lib/fastlane/command_line_handler.rb:36:in `handle'&#10;/Users/bui.danh.nam/.fastlane/bin/bundle/lib/ruby/gems/2.2.0/gems/fastlane-2.118.1/fastlane/lib/fastlane/commands_generator.rb:108:in `block (2 levels) in run'&#10;/Users/bui.danh.nam/.fastlane/bin/bundle/lib/ruby/gems/2.2.0/gems/commander-fastlane-4.4.6/lib/commander/command.rb:178:in `call'&#10;/Users/bui.danh.nam/.fastlane/bin/bundle/lib/ruby/gems/2.2.0/gems/commander-fastlane-4.4.6/lib/commander/command.rb:178:in `call'&#10;/Users/bui.danh.nam/.fastlane/bin/bundle/lib/ruby/gems/2.2.0/gems/commander-fastlane-4.4.6/lib/commander/command.rb:153:in `run'&#10;/Users/bui.danh.nam/.fastlane/bin/bundle/lib/ruby/gems/2.2.0/gems/commander-fastlane-4.4.6/lib/commander/runner.rb:476:in `run_active_command'&#10;/Users/bui.danh.nam/.fastlane/bin/bundle/lib/ruby/gems/2.2.0/gems/fastlane-2.118.1/fastlane_core/lib/fastlane_core/ui/fastlane_runner.rb:76:in `run!'&#10;/Users/bui.danh.nam/.fastlane/bin/bundle/lib/ruby/gems/2.2.0/gems/commander-fastlane-4.4.6/lib/commander/delegates.rb:15:in `run!'&#10;/Users/bui.danh.nam/.fastlane/bin/bundle/lib/ruby/gems/2.2.0/gems/fastlane-2.118.1/fastlane/lib/fastlane/commands_generator.rb:333:in `run'&#10;/Users/bui.danh.nam/.fastlane/bin/bundle/lib/ruby/gems/2.2.0/gems/fastlane-2.118.1/fastlane/lib/fastlane/commands_generator.rb:41:in `start'&#10;/Users/bui.danh.nam/.fastlane/bin/bundle/lib/ruby/gems/2.2.0/gems/fastlane-2.118.1/fastlane/lib/fastlane/cli_tools_distributor.rb:119:in `take_off'&#10;/Users/bui.danh.nam/.fastlane/bin/bundle/lib/ruby/gems/2.2.0/gems/fastlane-2.118.1/bin/fastlane:23:in `&lt;top (required)&gt;'&#10;/Users/bui.danh.nam/.fastlane/bin/bundle/bin/fastlane:22:in `load'&#10;/Users/bui.danh.nam/.fastlane/bin/bundle/bin/fastlane:22:in `&lt;main&gt;'&#10;&#10;Exit status of command '/Users/bui.danh.nam/Project/Android/Fastlane_SUN_CI/gradlew testdebugUnitTest -p .' was 1 instead of 0.&#10;&gt; Task :app:preBuild UP-TO-DATE&#10;&gt; Task :app:preDebugBuild UP-TO-DATE&#10;&gt; Task :app:compileDebugAidl NO-SOURCE&#10;&gt; Task :app:compileDebugRenderscript UP-TO-DATE&#10;&gt; Task :app:checkDebugManifest UP-TO-DATE&#10;&gt; Task :app:generateDebugBuildConfig UP-TO-DATE&#10;&gt; Task :app:prepareLintJar UP-TO-DATE&#10;&gt; Task :app:generateDebugSources UP-TO-DATE&#10;&gt; Task :app:dataBindingExportBuildInfoDebug UP-TO-DATE&#10;&gt; Task :app:dataBindingExportFeaturePackageIdsDebug UP-TO-DATE&#10;&gt; Task :app:dataBindingMergeDependencyArtifactsDebug UP-TO-DATE&#10;&gt; Task :app:mergeDebugShaders UP-TO-DATE&#10;&gt; Task :app:compileDebugShaders UP-TO-DATE&#10;&gt; Task :app:generateDebugAssets UP-TO-DATE&#10;&gt; Task :app:mergeDebugAssets UP-TO-DATE&#10;&gt; Task :app:createDebugCompatibleScreenManifests UP-TO-DATE&#10;&gt; Task :app:mainApkListPersistenceDebug UP-TO-DATE&#10;&gt; Task :app:processDebugManifest UP-TO-DATE&#10;&gt; Task :app:fabricGenerateResourcesDebug&#10;&gt; Task :app:generateDebugResValues UP-TO-DATE&#10;&gt; Task :app:generateDebugResources UP-TO-DATE&#10;&gt; Task :app:mergeDebugResources&#10;&gt; Task :app:transformDataBindingBaseClassLogWithDataBindingMergeGenClassesForDebug UP-TO-DATE&#10;&gt; Task :app:dataBindingGenBaseClassesDebug UP-TO-DATE&#10;&gt; Task :app:javaPreCompileDebug UP-TO-DATE&#10;&gt; Task :app:processDebugResources&#10;&gt; Task :app:compileDebugJavaWithJavac UP-TO-DATE&#10;&gt; Task :app:generateDebugUnitTestSources UP-TO-DATE&#10;&gt; Task :app:preDebugUnitTestBuild UP-TO-DATE&#10;&gt; Task :app:javaPreCompileDebugUnitTest UP-TO-DATE&#10;&gt; Task :app:compileDebugUnitTestJavaWithJavac UP-TO-DATE&#10;&gt; Task :app:generateDebugUnitTestConfig UP-TO-DATE&#10;&gt; Task :app:processDebugJavaRes NO-SOURCE&#10;&gt; Task :app:processDebugUnitTestJavaRes NO-SOURCE&#10;&#10;&gt; Task :app:testDebugUnitTest&#10;&#10;com.hades.fastlanecircle.StringUtilTest &gt; getProgressPercentage_Case3 FAILED&#10;    java.lang.AssertionError at StringUtilTest.java:48&#10;&#10;35 tests completed, 1 failed&#10;&#10;&gt; Task :app:testDebugUnitTest FAILED&#10;&#10;FAILURE: Build failed with an exception.&#10;&#10;* What went wrong:&#10;Execution failed for task ':app:testDebugUnitTest'.&#10;&gt; There were failing tests. See the report at: file:///Users/bui.danh.nam/Project/Android/Fastlane_SUN_CI/app/build/reports/tests/testDebugUnitTest/index.html&#10;&#10;* Try:&#10;Run with --stacktrace option to get the stack trace. Run with --info or --debug option to get more log output. Run with --scan to get full insights.&#10;&#10;* Get more help at https://help.gradle.org&#10;&#10;Deprecated Gradle features were used in this build, making it incompatible with Gradle 5.0.&#10;Use '--warning-mode all' to show the individual deprecation warnings.&#10;See https://docs.gradle.org/4.10.1/userguide/command_line_interface.html#sec:command_line_warnings&#10;&#10;BUILD FAILED in 4s&#10;26 actionable tasks: 4 executed, 22 up-to-date&#10;" />
        
      </testcase>
    
  </testsuite>
</testsuites>
